This file contains any messages produced by compilers while
running configure, to aid debugging if configure makes a mistake.

It was created by libssh2 configure -, which was
generated by GNU Autoconf 2.67.  Invocation command line was

  $ ./configure 

## --------- ##
## Platform. ##
## --------- ##

hostname = myhost
uname -m = x86_64
uname -r = 2.6.34-ARCH
uname -s = Linux
uname -v = #1 SMP PREEMPT Mon Jul 5 22:12:11 CEST 2010

/usr/bin/uname -p = unknown
/bin/uname -X     = unknown

/bin/arch              = x86_64
/usr/bin/arch -k       = unknown
/usr/convex/getsysinfo = unknown
/usr/bin/hostinfo      = unknown
/bin/machine           = unknown
/usr/bin/oslevel       = unknown
/bin/universe          = unknown

PATH: /home/mileswu/local/node/bin
PATH: /bin
PATH: /usr/bin
PATH: /sbin
PATH: /usr/sbin
PATH: /usr/bin/perlbin/site
PATH: /usr/bin/perlbin/vendor
PATH: /usr/bin/perlbin/core


## ----------- ##
## Core tests. ##
## ----------- ##

configure:2418: checking whether to enable maintainer-specific portions of Makefiles
configure:2427: result: no
configure:2445: checking for sed
configure:2464: found /bin/sed
configure:2477: result: /bin/sed
configure:2537: checking for a BSD-compatible install
configure:2605: result: /bin/install -c
configure:2616: checking whether build environment is sane
configure:2653: result: yes
configure:2715: checking for gawk
configure:2731: found /bin/gawk
configure:2742: result: gawk
configure:2753: checking whether make sets $(MAKE)
configure:2775: result: yes
configure:2953: checking libssh2 version
configure:2955: result: 1.3.0
configure:2966: checking build system type
configure:2980: result: x86_64-unknown-linux-gnu
configure:3000: checking host system type
configure:3013: result: x86_64-unknown-linux-gnu
configure:3040: autobuild project... libssh2
configure:3046: autobuild revision... 1.3.0
configure:3062: autobuild timestamp... 20111107-034446
configure:3103: checking for style of include used by make
configure:3131: result: GNU
configure:3204: checking for gcc
configure:3220: found /usr/bin/gcc
configure:3231: result: gcc
configure:3460: checking for C compiler version
configure:3469: gcc --version >&5
gcc (GCC) 4.6.1 20110819 (prerelease)
Copyright (C) 2011 Free Software Foundation, Inc.
This is free software; see the source for copying conditions.  There is NO
warranty; not even for MERCHANTABILITY or FITNESS FOR A PARTICULAR PURPOSE.

configure:3480: $? = 0
configure:3469: gcc -v >&5
Using built-in specs.
COLLECT_GCC=gcc
COLLECT_LTO_WRAPPER=/usr/lib/gcc/x86_64-unknown-linux-gnu/4.6.1/lto-wrapper
Target: x86_64-unknown-linux-gnu
Configured with: /build/src/gcc-4.6-20110819/configure --prefix=/usr --libdir=/usr/lib --libexecdir=/usr/lib --mandir=/usr/share/man --infodir=/usr/share/info --with-bugurl=https://bugs.archlinux.org/ --enable-languages=c,c++,ada,fortran,go,lto,objc,obj-c++ --enable-shared --enable-threads=posix --with-system-zlib --enable-__cxa_atexit --disable-libunwind-exceptions --enable-clocale=gnu --enable-gnu-unique-object --enable-linker-build-id --with-ppl --enable-cloog-backend=isl --enable-lto --enable-gold --enable-ld=default --enable-plugin --with-plugin-ld=ld.gold --disable-multilib --disable-libssp --disable-libstdcxx-pch --enable-checking=release
Thread model: posix
gcc version 4.6.1 20110819 (prerelease) (GCC) 
configure:3480: $? = 0
configure:3469: gcc -V >&5
gcc: error: unrecognized option '-V'
gcc: fatal error: no input files
compilation terminated.
configure:3480: $? = 1
configure:3469: gcc -qversion >&5
gcc: error: unrecognized option '-qversion'
gcc: fatal error: no input files
compilation terminated.
configure:3480: $? = 1
configure:3500: checking whether the C compiler works
configure:3522: gcc    conftest.c  >&5
configure:3526: $? = 0
configure:3574: result: yes
configure:3577: checking for C compiler default output file name
configure:3579: result: a.out
configure:3585: checking for suffix of executables
configure:3592: gcc -o conftest    conftest.c  >&5
configure:3596: $? = 0
configure:3618: result: 
configure:3640: checking whether we are cross compiling
configure:3648: gcc -o conftest    conftest.c  >&5
configure:3652: $? = 0
configure:3659: ./conftest
configure:3663: $? = 0
configure:3678: result: no
configure:3683: checking for suffix of object files
configure:3705: gcc -c   conftest.c >&5
configure:3709: $? = 0
configure:3730: result: o
configure:3734: checking whether we are using the GNU C compiler
configure:3753: gcc -c   conftest.c >&5
configure:3753: $? = 0
configure:3762: result: yes
configure:3771: checking whether gcc accepts -g
configure:3791: gcc -c -g  conftest.c >&5
configure:3791: $? = 0
configure:3832: result: yes
configure:3849: checking for gcc option to accept ISO C89
configure:3913: gcc  -c -g -O2  conftest.c >&5
configure:3913: $? = 0
configure:3926: result: none needed
configure:3948: checking dependency style of gcc
configure:4038: result: gcc3
configure:4061: checking how to run the C preprocessor
configure:4092: gcc -E  conftest.c
configure:4092: $? = 0
configure:4106: gcc -E  conftest.c
conftest.c:11:28: fatal error: ac_nonexistent.h: No such file or directory
compilation terminated.
configure:4106: $? = 1
configure: failed program was:
| /* confdefs.h */
| #define PACKAGE_NAME "libssh2"
| #define PACKAGE_TARNAME "libssh2"
| #define PACKAGE_VERSION "-"
| #define PACKAGE_STRING "libssh2 -"
| #define PACKAGE_BUGREPORT "libssh2-devel@cool.haxx.se"
| #define PACKAGE_URL ""
| #define PACKAGE "libssh2"
| #define VERSION "-"
| /* end confdefs.h.  */
| #include <ac_nonexistent.h>
configure:4131: result: gcc -E
configure:4151: gcc -E  conftest.c
configure:4151: $? = 0
configure:4165: gcc -E  conftest.c
conftest.c:11:28: fatal error: ac_nonexistent.h: No such file or directory
compilation terminated.
configure:4165: $? = 1
configure: failed program was:
| /* confdefs.h */
| #define PACKAGE_NAME "libssh2"
| #define PACKAGE_TARNAME "libssh2"
| #define PACKAGE_VERSION "-"
| #define PACKAGE_STRING "libssh2 -"
| #define PACKAGE_BUGREPORT "libssh2-devel@cool.haxx.se"
| #define PACKAGE_URL ""
| #define PACKAGE "libssh2"
| #define VERSION "-"
| /* end confdefs.h.  */
| #include <ac_nonexistent.h>
configure:4194: checking for grep that handles long lines and -e
configure:4252: result: /bin/grep
configure:4257: checking for egrep
configure:4319: result: /bin/grep -E
configure:4324: checking for ANSI C header files
configure:4344: gcc -c -g -O2  conftest.c >&5
configure:4344: $? = 0
configure:4417: gcc -o conftest -g -O2   conftest.c  >&5
configure:4417: $? = 0
configure:4417: ./conftest
configure:4417: $? = 0
configure:4428: result: yes
configure:4441: checking for sys/types.h
configure:4441: gcc -c -g -O2  conftest.c >&5
configure:4441: $? = 0
configure:4441: result: yes
configure:4441: checking for sys/stat.h
configure:4441: gcc -c -g -O2  conftest.c >&5
configure:4441: $? = 0
configure:4441: result: yes
configure:4441: checking for stdlib.h
configure:4441: gcc -c -g -O2  conftest.c >&5
configure:4441: $? = 0
configure:4441: result: yes
configure:4441: checking for string.h
configure:4441: gcc -c -g -O2  conftest.c >&5
configure:4441: $? = 0
configure:4441: result: yes
configure:4441: checking for memory.h
configure:4441: gcc -c -g -O2  conftest.c >&5
configure:4441: $? = 0
configure:4441: result: yes
configure:4441: checking for strings.h
configure:4441: gcc -c -g -O2  conftest.c >&5
configure:4441: $? = 0
configure:4441: result: yes
configure:4441: checking for inttypes.h
configure:4441: gcc -c -g -O2  conftest.c >&5
configure:4441: $? = 0
configure:4441: result: yes
configure:4441: checking for stdint.h
configure:4441: gcc -c -g -O2  conftest.c >&5
configure:4441: $? = 0
configure:4441: result: yes
configure:4441: checking for unistd.h
configure:4441: gcc -c -g -O2  conftest.c >&5
configure:4441: $? = 0
configure:4441: result: yes
configure:4453: checking for long long
configure:4453: gcc -c -g -O2  conftest.c >&5
configure:4453: $? = 0
configure:4453: gcc -c -g -O2  conftest.c >&5
conftest.c: In function 'main':
conftest.c:57:24: error: expected expression before ')' token
configure:4453: $? = 1
configure: failed program was:
| /* confdefs.h */
| #define PACKAGE_NAME "libssh2"
| #define PACKAGE_TARNAME "libssh2"
| #define PACKAGE_VERSION "-"
| #define PACKAGE_STRING "libssh2 -"
| #define PACKAGE_BUGREPORT "libssh2-devel@cool.haxx.se"
| #define PACKAGE_URL ""
| #define PACKAGE "libssh2"
| #define VERSION "-"
| #define STDC_HEADERS 1
| #define HAVE_SYS_TYPES_H 1
| #define HAVE_SYS_STAT_H 1
| #define HAVE_STDLIB_H 1
| #define HAVE_STRING_H 1
| #define HAVE_MEMORY_H 1
| #define HAVE_STRINGS_H 1
| #define HAVE_INTTYPES_H 1
| #define HAVE_STDINT_H 1
| #define HAVE_UNISTD_H 1
| /* end confdefs.h.  */
| #include <stdio.h>
| #ifdef HAVE_SYS_TYPES_H
| # include <sys/types.h>
| #endif
| #ifdef HAVE_SYS_STAT_H
| # include <sys/stat.h>
| #endif
| #ifdef STDC_HEADERS
| # include <stdlib.h>
| # include <stddef.h>
| #else
| # ifdef HAVE_STDLIB_H
| #  include <stdlib.h>
| # endif
| #endif
| #ifdef HAVE_STRING_H
| # if !defined STDC_HEADERS && defined HAVE_MEMORY_H
| #  include <memory.h>
| # endif
| # include <string.h>
| #endif
| #ifdef HAVE_STRINGS_H
| # include <strings.h>
| #endif
| #ifdef HAVE_INTTYPES_H
| # include <inttypes.h>
| #endif
| #ifdef HAVE_STDINT_H
| # include <stdint.h>
| #endif
| #ifdef HAVE_UNISTD_H
| # include <unistd.h>
| #endif
| int
| main ()
| {
| if (sizeof ((long long)))
| 	    return 0;
|   ;
|   return 0;
| }
configure:4453: result: yes
configure:4465: checking if _REENTRANT is already defined
configure:4487: gcc -c -g -O2  conftest.c >&5
conftest.c: In function 'main':
conftest.c:32:7: error: unknown type name 'force'
conftest.c:32:25: error: expected '=', ',', ';', 'asm' or '__attribute__' before 'error'
configure:4487: $? = 1
configure: failed program was:
| /* confdefs.h */
| #define PACKAGE_NAME "libssh2"
| #define PACKAGE_TARNAME "libssh2"
| #define PACKAGE_VERSION "-"
| #define PACKAGE_STRING "libssh2 -"
| #define PACKAGE_BUGREPORT "libssh2-devel@cool.haxx.se"
| #define PACKAGE_URL ""
| #define PACKAGE "libssh2"
| #define VERSION "-"
| #define STDC_HEADERS 1
| #define HAVE_SYS_TYPES_H 1
| #define HAVE_SYS_STAT_H 1
| #define HAVE_STDLIB_H 1
| #define HAVE_STRING_H 1
| #define HAVE_MEMORY_H 1
| #define HAVE_STRINGS_H 1
| #define HAVE_INTTYPES_H 1
| #define HAVE_STDINT_H 1
| #define HAVE_UNISTD_H 1
| #define HAVE_LONGLONG 1
| /* end confdefs.h.  */
| 
| 
| 
| int
| main ()
| {
| 
| #ifdef _REENTRANT
|       int dummy=1;
| #else
|       force compilation error
| #endif
| 
|   ;
|   return 0;
| }
| 
configure:4495: result: no
configure:4503: checking if _REENTRANT is actually needed
configure:4520: result: no
configure:4525: checking if _REENTRANT is onwards defined
configure:4542: result: no
configure:4549: checking for library containing socket
configure:4580: gcc -o conftest -g -O2   conftest.c  >&5
configure:4580: $? = 0
configure:4597: result: none required
configure:4607: checking for library containing inet_addr
configure:4638: gcc -o conftest -g -O2   conftest.c  >&5
configure:4638: $? = 0
configure:4655: result: none required
configure:4714: checking for gcc
configure:4741: result: gcc
configure:4970: checking for C compiler version
configure:4979: gcc --version >&5
gcc (GCC) 4.6.1 20110819 (prerelease)
Copyright (C) 2011 Free Software Foundation, Inc.
This is free software; see the source for copying conditions.  There is NO
warranty; not even for MERCHANTABILITY or FITNESS FOR A PARTICULAR PURPOSE.

configure:4990: $? = 0
configure:4979: gcc -v >&5
Using built-in specs.
COLLECT_GCC=gcc
COLLECT_LTO_WRAPPER=/usr/lib/gcc/x86_64-unknown-linux-gnu/4.6.1/lto-wrapper
Target: x86_64-unknown-linux-gnu
Configured with: /build/src/gcc-4.6-20110819/configure --prefix=/usr --libdir=/usr/lib --libexecdir=/usr/lib --mandir=/usr/share/man --infodir=/usr/share/info --with-bugurl=https://bugs.archlinux.org/ --enable-languages=c,c++,ada,fortran,go,lto,objc,obj-c++ --enable-shared --enable-threads=posix --with-system-zlib --enable-__cxa_atexit --disable-libunwind-exceptions --enable-clocale=gnu --enable-gnu-unique-object --enable-linker-build-id --with-ppl --enable-cloog-backend=isl --enable-lto --enable-gold --enable-ld=default --enable-plugin --with-plugin-ld=ld.gold --disable-multilib --disable-libssp --disable-libstdcxx-pch --enable-checking=release
Thread model: posix
gcc version 4.6.1 20110819 (prerelease) (GCC) 
configure:4990: $? = 0
configure:4979: gcc -V >&5
gcc: error: unrecognized option '-V'
gcc: fatal error: no input files
compilation terminated.
configure:4990: $? = 1
configure:4979: gcc -qversion >&5
gcc: error: unrecognized option '-qversion'
gcc: fatal error: no input files
compilation terminated.
configure:4990: $? = 1
configure:4994: checking whether we are using the GNU C compiler
configure:5022: result: yes
configure:5031: checking whether gcc accepts -g
configure:5092: result: yes
configure:5109: checking for gcc option to accept ISO C89
configure:5186: result: none needed
configure:5208: checking dependency style of gcc
configure:5298: result: gcc3
configure:5316: checking whether ln -s works
configure:5320: result: yes
configure:5327: checking whether make sets $(MAKE)
configure:5349: result: yes
configure:5362: checking for sshd
configure:5380: found /usr/sbin/sshd
configure:5392: result: /usr/sbin/sshd
configure:5741: checking for a sed that does not truncate output
configure:5805: result: /bin/sed
configure:5823: checking for fgrep
configure:5885: result: /bin/grep -F
configure:5920: checking for ld used by gcc
configure:5987: result: /usr/bin/ld
configure:5994: checking if the linker (/usr/bin/ld) is GNU ld
configure:6009: result: yes
configure:6021: checking for BSD- or MS-compatible name lister (nm)
configure:6070: result: /usr/bin/nm -B
configure:6188: checking the name lister (/usr/bin/nm -B) interface
configure:6195: gcc -c -g -O2  conftest.c >&5
configure:6198: /usr/bin/nm -B "conftest.o"
configure:6201: output
0000000000000000 B some_variable
configure:6208: result: BSD nm
configure:6212: checking the maximum length of command line arguments
configure:6332: result: 1572864
configure:6349: checking whether the shell understands some XSI constructs
configure:6359: result: yes
configure:6363: checking whether the shell understands "+="
configure:6369: result: yes
configure:6404: checking for /usr/bin/ld option to reload object files
configure:6411: result: -r
configure:6480: checking for objdump
configure:6507: result: objdump
configure:6536: checking how to recognize dependent libraries
configure:6732: result: pass_all
configure:6792: checking for ar
configure:6808: found /usr/bin/ar
configure:6819: result: ar
configure:6897: checking for strip
configure:6913: found /usr/bin/strip
configure:6924: result: strip
configure:6996: checking for ranlib
configure:7012: found /usr/bin/ranlib
configure:7023: result: ranlib
configure:7113: checking command to parse /usr/bin/nm -B output from gcc object
configure:7231: gcc -c -g -O2  conftest.c >&5
configure:7234: $? = 0
configure:7238: /usr/bin/nm -B conftest.o \| sed -n -e 's/^.*[	 ]\([ABCDGIRSTW][ABCDGIRSTW]*\)[	 ][	 ]*\([_A-Za-z][_A-Za-z0-9]*\)$/\1 \2 \2/p' \> conftest.nm
configure:7241: $? = 0
configure:7295: gcc -o conftest -g -O2   conftest.c conftstm.o >&5
configure:7298: $? = 0
configure:7336: result: ok
configure:7431: gcc -c -g -O2  conftest.c >&5
configure:7434: $? = 0
configure:8141: checking for dlfcn.h
configure:8141: gcc -c -g -O2  conftest.c >&5
configure:8141: $? = 0
configure:8141: result: yes
configure:8323: checking for objdir
configure:8338: result: .libs
configure:8634: checking if gcc supports -fno-rtti -fno-exceptions
configure:8652: gcc -c -g -O2  -fno-rtti -fno-exceptions conftest.c >&5
cc1: warning: command line option '-fno-rtti' is valid for C++/ObjC++ but not for C [enabled by default]
configure:8656: $? = 0
configure:8669: result: no
configure:8689: checking for gcc option to produce PIC
configure:8961: result: -fPIC -DPIC
configure:8973: checking if gcc PIC flag -fPIC -DPIC works
configure:8991: gcc -c -g -O2  -fPIC -DPIC -DPIC conftest.c >&5
configure:8995: $? = 0
configure:9008: result: yes
configure:9032: checking if gcc static flag -static works
configure:9060: result: yes
configure:9075: checking if gcc supports -c -o file.o
configure:9096: gcc -c -g -O2  -o out/conftest2.o conftest.c >&5
configure:9100: $? = 0
configure:9122: result: yes
configure:9130: checking if gcc supports -c -o file.o
configure:9177: result: yes
configure:9210: checking whether the gcc linker (/usr/bin/ld -m elf_x86_64) supports shared libraries
configure:10201: result: yes
configure:10238: checking whether -lc should be explicitly linked in
configure:10243: gcc -c -g -O2  conftest.c >&5
configure:10246: $? = 0
configure:10261: gcc -shared conftest.o  -v -Wl,-soname -Wl,conftest -o conftest 2\>\&1 \| /bin/grep  -lc  \>/dev/null 2\>\&1
configure:10264: $? = 0
configure:10276: result: no
configure:10440: checking dynamic linker characteristics
configure:10873: gcc -o conftest -g -O2   -Wl,-rpath -Wl,/foo conftest.c  >&5
configure:10873: $? = 0
configure:11103: result: GNU/Linux ld.so
configure:11205: checking how to hardcode library paths into programs
configure:11230: result: immediate
configure:11750: checking whether stripping libraries is possible
configure:11755: result: yes
configure:11790: checking if libtool supports shared libraries
configure:11792: result: yes
configure:11795: checking whether to build shared libraries
configure:11816: result: yes
configure:11819: checking whether to build static libraries
configure:11823: result: yes
configure:11858: checking whether byte ordering is bigendian
configure:11873: gcc -c -g -O2  conftest.c >&5
conftest.c:25:9: error: unknown type name 'not'
conftest.c:25:15: error: expected '=', ',', ';', 'asm' or '__attribute__' before 'universal'
conftest.c:25:15: error: unknown type name 'universal'
configure:11873: $? = 1
configure: failed program was:
| /* confdefs.h */
| #define PACKAGE_NAME "libssh2"
| #define PACKAGE_TARNAME "libssh2"
| #define PACKAGE_VERSION "-"
| #define PACKAGE_STRING "libssh2 -"
| #define PACKAGE_BUGREPORT "libssh2-devel@cool.haxx.se"
| #define PACKAGE_URL ""
| #define PACKAGE "libssh2"
| #define VERSION "-"
| #define STDC_HEADERS 1
| #define HAVE_SYS_TYPES_H 1
| #define HAVE_SYS_STAT_H 1
| #define HAVE_STDLIB_H 1
| #define HAVE_STRING_H 1
| #define HAVE_MEMORY_H 1
| #define HAVE_STRINGS_H 1
| #define HAVE_INTTYPES_H 1
| #define HAVE_STDINT_H 1
| #define HAVE_UNISTD_H 1
| #define HAVE_LONGLONG 1
| #define HAVE_DLFCN_H 1
| #define LT_OBJDIR ".libs/"
| /* end confdefs.h.  */
| #ifndef __APPLE_CC__
| 	       not a universal capable compiler
| 	     #endif
| 	     typedef int dummy;
| 
configure:11918: gcc -c -g -O2  conftest.c >&5
configure:11918: $? = 0
configure:11936: gcc -c -g -O2  conftest.c >&5
conftest.c: In function 'main':
conftest.c:31:4: error: unknown type name 'not'
conftest.c:31:12: error: expected '=', ',', ';', 'asm' or '__attribute__' before 'endian'
configure:11936: $? = 1
configure: failed program was:
| /* confdefs.h */
| #define PACKAGE_NAME "libssh2"
| #define PACKAGE_TARNAME "libssh2"
| #define PACKAGE_VERSION "-"
| #define PACKAGE_STRING "libssh2 -"
| #define PACKAGE_BUGREPORT "libssh2-devel@cool.haxx.se"
| #define PACKAGE_URL ""
| #define PACKAGE "libssh2"
| #define VERSION "-"
| #define STDC_HEADERS 1
| #define HAVE_SYS_TYPES_H 1
| #define HAVE_SYS_STAT_H 1
| #define HAVE_STDLIB_H 1
| #define HAVE_STRING_H 1
| #define HAVE_MEMORY_H 1
| #define HAVE_STRINGS_H 1
| #define HAVE_INTTYPES_H 1
| #define HAVE_STDINT_H 1
| #define HAVE_UNISTD_H 1
| #define HAVE_LONGLONG 1
| #define HAVE_DLFCN_H 1
| #define LT_OBJDIR ".libs/"
| /* end confdefs.h.  */
| #include <sys/types.h>
| 		#include <sys/param.h>
| 
| int
| main ()
| {
| #if BYTE_ORDER != BIG_ENDIAN
| 		 not big endian
| 		#endif
| 
|   ;
|   return 0;
| }
configure:12064: result: no
configure:12090: checking for special C compiler options needed for large files
configure:12135: result: no
configure:12141: checking for _FILE_OFFSET_BITS value needed for large files
configure:12166: gcc -c -g -O2  conftest.c >&5
configure:12166: $? = 0
configure:12198: result: no
configure:12350: checking for ld used by GCC
configure:12414: result: /usr/bin/ld -m elf_x86_64
configure:12421: checking if the linker (/usr/bin/ld -m elf_x86_64) is GNU ld
configure:12434: result: yes
configure:12441: checking for shared library run path origin
configure:12454: result: done
configure:12959: checking for libssl
configure:12978: gcc -o conftest -g -O2   conftest.c  -lssl -lcrypto >&5
configure:12978: $? = 0
configure:12988: result: yes
configure:12995: checking how to link with libssl
configure:12997: result: -lssl -lcrypto
configure:13567: checking for EVP_aes_128_ctr
configure:13567: gcc -o conftest -g -O2   -lssl -lcrypto conftest.c  >&5
/tmp/ccdmj7M2.o: In function `main':
/home/mileswu/sftp/libssh2-1.3.0/conftest.c:59: undefined reference to `EVP_aes_128_ctr'
collect2: ld returned 1 exit status
configure:13567: $? = 1
configure: failed program was:
| /* confdefs.h */
| #define PACKAGE_NAME "libssh2"
| #define PACKAGE_TARNAME "libssh2"
| #define PACKAGE_VERSION "-"
| #define PACKAGE_STRING "libssh2 -"
| #define PACKAGE_BUGREPORT "libssh2-devel@cool.haxx.se"
| #define PACKAGE_URL ""
| #define PACKAGE "libssh2"
| #define VERSION "-"
| #define STDC_HEADERS 1
| #define HAVE_SYS_TYPES_H 1
| #define HAVE_SYS_STAT_H 1
| #define HAVE_STDLIB_H 1
| #define HAVE_STRING_H 1
| #define HAVE_MEMORY_H 1
| #define HAVE_STRINGS_H 1
| #define HAVE_INTTYPES_H 1
| #define HAVE_STDINT_H 1
| #define HAVE_UNISTD_H 1
| #define HAVE_LONGLONG 1
| #define HAVE_DLFCN_H 1
| #define LT_OBJDIR ".libs/"
| #define HAVE_LIBSSL 1
| /* end confdefs.h.  */
| /* Define EVP_aes_128_ctr to an innocuous variant, in case <limits.h> declares EVP_aes_128_ctr.
|    For example, HP-UX 11i <limits.h> declares gettimeofday.  */
| #define EVP_aes_128_ctr innocuous_EVP_aes_128_ctr
| 
| /* System header to define __stub macros and hopefully few prototypes,
|     which can conflict with char EVP_aes_128_ctr (); below.
|     Prefer <limits.h> to <assert.h> if __STDC__ is defined, since
|     <limits.h> exists even on freestanding compilers.  */
| 
| #ifdef __STDC__
| # include <limits.h>
| #else
| # include <assert.h>
| #endif
| 
| #undef EVP_aes_128_ctr
| 
| /* Override any GCC internal prototype to avoid an error.
|    Use char because int might match the return type of a GCC
|    builtin and then its argument prototype would still apply.  */
| #ifdef __cplusplus
| extern "C"
| #endif
| char EVP_aes_128_ctr ();
| /* The GNU C library defines this for functions which it implements
|     to always fail with ENOSYS.  Some functions are actually named
|     something starting with __ and the normal name is an alias.  */
| #if defined __stub_EVP_aes_128_ctr || defined __stub___EVP_aes_128_ctr
| choke me
| #endif
| 
| int
| main ()
| {
| return EVP_aes_128_ctr ();
|   ;
|   return 0;
| }
configure:13567: result: no
configure:14048: checking for libz
configure:14067: gcc -o conftest -g -O2   conftest.c  -lz >&5
configure:14067: $? = 0
configure:14077: result: yes
configure:14084: checking how to link with libz
configure:14086: result: -lz
configure:14144: checking whether to enable pedantic and debug compiler options
configure:14277: result: no
configure:14283: checking whether to enable hidden symbols in the library
configure:14324: result: no
configure:14335: checking errno.h usability
configure:14335: gcc -c -g -O2  conftest.c >&5
configure:14335: $? = 0
configure:14335: result: yes
configure:14335: checking errno.h presence
configure:14335: gcc -E  conftest.c
configure:14335: $? = 0
configure:14335: result: yes
configure:14335: checking for errno.h
configure:14335: result: yes
configure:14335: checking fcntl.h usability
configure:14335: gcc -c -g -O2  conftest.c >&5
configure:14335: $? = 0
configure:14335: result: yes
configure:14335: checking fcntl.h presence
configure:14335: gcc -E  conftest.c
configure:14335: $? = 0
configure:14335: result: yes
configure:14335: checking for fcntl.h
configure:14335: result: yes
configure:14335: checking stdio.h usability
configure:14335: gcc -c -g -O2  conftest.c >&5
configure:14335: $? = 0
configure:14335: result: yes
configure:14335: checking stdio.h presence
configure:14335: gcc -E  conftest.c
configure:14335: $? = 0
configure:14335: result: yes
configure:14335: checking for stdio.h
configure:14335: result: yes
configure:14335: checking for stdlib.h
configure:14335: result: yes
configure:14335: checking for unistd.h
configure:14335: result: yes
configure:14335: checking sys/uio.h usability
configure:14335: gcc -c -g -O2  conftest.c >&5
configure:14335: $? = 0
configure:14335: result: yes
configure:14335: checking sys/uio.h presence
configure:14335: gcc -E  conftest.c
configure:14335: $? = 0
configure:14335: result: yes
configure:14335: checking for sys/uio.h
configure:14335: result: yes
configure:14348: checking sys/select.h usability
configure:14348: gcc -c -g -O2  conftest.c >&5
configure:14348: $? = 0
configure:14348: result: yes
configure:14348: checking sys/select.h presence
configure:14348: gcc -E  conftest.c
configure:14348: $? = 0
configure:14348: result: yes
configure:14348: checking for sys/select.h
configure:14348: result: yes
configure:14348: checking sys/socket.h usability
configure:14348: gcc -c -g -O2  conftest.c >&5
configure:14348: $? = 0
configure:14348: result: yes
configure:14348: checking sys/socket.h presence
configure:14348: gcc -E  conftest.c
configure:14348: $? = 0
configure:14348: result: yes
configure:14348: checking for sys/socket.h
configure:14348: result: yes
configure:14348: checking sys/ioctl.h usability
configure:14348: gcc -c -g -O2  conftest.c >&5
configure:14348: $? = 0
configure:14348: result: yes
configure:14348: checking sys/ioctl.h presence
configure:14348: gcc -E  conftest.c
configure:14348: $? = 0
configure:14348: result: yes
configure:14348: checking for sys/ioctl.h
configure:14348: result: yes
configure:14348: checking sys/time.h usability
configure:14348: gcc -c -g -O2  conftest.c >&5
configure:14348: $? = 0
configure:14348: result: yes
configure:14348: checking sys/time.h presence
configure:14348: gcc -E  conftest.c
configure:14348: $? = 0
configure:14348: result: yes
configure:14348: checking for sys/time.h
configure:14348: result: yes
configure:14361: checking arpa/inet.h usability
configure:14361: gcc -c -g -O2  conftest.c >&5
configure:14361: $? = 0
configure:14361: result: yes
configure:14361: checking arpa/inet.h presence
configure:14361: gcc -E  conftest.c
configure:14361: $? = 0
configure:14361: result: yes
configure:14361: checking for arpa/inet.h
configure:14361: result: yes
configure:14361: checking netinet/in.h usability
configure:14361: gcc -c -g -O2  conftest.c >&5
configure:14361: $? = 0
configure:14361: result: yes
configure:14361: checking netinet/in.h presence
configure:14361: gcc -E  conftest.c
configure:14361: $? = 0
configure:14361: result: yes
configure:14361: checking for netinet/in.h
configure:14361: result: yes
configure:14373: checking sys/un.h usability
configure:14373: gcc -c -g -O2  conftest.c >&5
configure:14373: $? = 0
configure:14373: result: yes
configure:14373: checking sys/un.h presence
configure:14373: gcc -E  conftest.c
configure:14373: $? = 0
configure:14373: result: yes
configure:14373: checking for sys/un.h
configure:14373: result: yes
configure:14392: checking windows.h usability
configure:14392: gcc -c -g -O2  conftest.c >&5
conftest.c:74:21: fatal error: windows.h: No such file or directory
compilation terminated.
configure:14392: $? = 1
configure: failed program was:
| /* confdefs.h */
| #define PACKAGE_NAME "libssh2"
| #define PACKAGE_TARNAME "libssh2"
| #define PACKAGE_VERSION "-"
| #define PACKAGE_STRING "libssh2 -"
| #define PACKAGE_BUGREPORT "libssh2-devel@cool.haxx.se"
| #define PACKAGE_URL ""
| #define PACKAGE "libssh2"
| #define VERSION "-"
| #define STDC_HEADERS 1
| #define HAVE_SYS_TYPES_H 1
| #define HAVE_SYS_STAT_H 1
| #define HAVE_STDLIB_H 1
| #define HAVE_STRING_H 1
| #define HAVE_MEMORY_H 1
| #define HAVE_STRINGS_H 1
| #define HAVE_INTTYPES_H 1
| #define HAVE_STDINT_H 1
| #define HAVE_UNISTD_H 1
| #define HAVE_LONGLONG 1
| #define HAVE_DLFCN_H 1
| #define LT_OBJDIR ".libs/"
| #define HAVE_LIBSSL 1
| #define HAVE_LIBZ 1
| #define LIBSSH2_HAVE_ZLIB 1
| #define LIBSSH2_DH_GEX_NEW 1
| #define HAVE_ERRNO_H 1
| #define HAVE_FCNTL_H 1
| #define HAVE_STDIO_H 1
| #define HAVE_STDLIB_H 1
| #define HAVE_UNISTD_H 1
| #define HAVE_SYS_UIO_H 1
| #define HAVE_SYS_SELECT_H 1
| #define HAVE_SYS_SOCKET_H 1
| #define HAVE_SYS_IOCTL_H 1
| #define HAVE_SYS_TIME_H 1
| #define HAVE_ARPA_INET_H 1
| #define HAVE_NETINET_IN_H 1
| #define HAVE_SYS_UN_H 1
| /* end confdefs.h.  */
| #include <stdio.h>
| #ifdef HAVE_SYS_TYPES_H
| # include <sys/types.h>
| #endif
| #ifdef HAVE_SYS_STAT_H
| # include <sys/stat.h>
| #endif
| #ifdef STDC_HEADERS
| # include <stdlib.h>
| # include <stddef.h>
| #else
| # ifdef HAVE_STDLIB_H
| #  include <stdlib.h>
| # endif
| #endif
| #ifdef HAVE_STRING_H
| # if !defined STDC_HEADERS && defined HAVE_MEMORY_H
| #  include <memory.h>
| # endif
| # include <string.h>
| #endif
| #ifdef HAVE_STRINGS_H
| # include <strings.h>
| #endif
| #ifdef HAVE_INTTYPES_H
| # include <inttypes.h>
| #endif
| #ifdef HAVE_STDINT_H
| # include <stdint.h>
| #endif
| #ifdef HAVE_UNISTD_H
| # include <unistd.h>
| #endif
| #include <windows.h>
configure:14392: result: no
configure:14392: checking windows.h presence
configure:14392: gcc -E  conftest.c
conftest.c:41:21: fatal error: windows.h: No such file or directory
compilation terminated.
configure:14392: $? = 1
configure: failed program was:
| /* confdefs.h */
| #define PACKAGE_NAME "libssh2"
| #define PACKAGE_TARNAME "libssh2"
| #define PACKAGE_VERSION "-"
| #define PACKAGE_STRING "libssh2 -"
| #define PACKAGE_BUGREPORT "libssh2-devel@cool.haxx.se"
| #define PACKAGE_URL ""
| #define PACKAGE "libssh2"
| #define VERSION "-"
| #define STDC_HEADERS 1
| #define HAVE_SYS_TYPES_H 1
| #define HAVE_SYS_STAT_H 1
| #define HAVE_STDLIB_H 1
| #define HAVE_STRING_H 1
| #define HAVE_MEMORY_H 1
| #define HAVE_STRINGS_H 1
| #define HAVE_INTTYPES_H 1
| #define HAVE_STDINT_H 1
| #define HAVE_UNISTD_H 1
| #define HAVE_LONGLONG 1
| #define HAVE_DLFCN_H 1
| #define LT_OBJDIR ".libs/"
| #define HAVE_LIBSSL 1
| #define HAVE_LIBZ 1
| #define LIBSSH2_HAVE_ZLIB 1
| #define LIBSSH2_DH_GEX_NEW 1
| #define HAVE_ERRNO_H 1
| #define HAVE_FCNTL_H 1
| #define HAVE_STDIO_H 1
| #define HAVE_STDLIB_H 1
| #define HAVE_UNISTD_H 1
| #define HAVE_SYS_UIO_H 1
| #define HAVE_SYS_SELECT_H 1
| #define HAVE_SYS_SOCKET_H 1
| #define HAVE_SYS_IOCTL_H 1
| #define HAVE_SYS_TIME_H 1
| #define HAVE_ARPA_INET_H 1
| #define HAVE_NETINET_IN_H 1
| #define HAVE_SYS_UN_H 1
| /* end confdefs.h.  */
| #include <windows.h>
configure:14392: result: no
configure:14392: checking for windows.h
configure:14392: result: no
configure:14392: checking winsock2.h usability
configure:14392: gcc -c -g -O2  conftest.c >&5
conftest.c:74:22: fatal error: winsock2.h: No such file or directory
compilation terminated.
configure:14392: $? = 1
configure: failed program was:
| /* confdefs.h */
| #define PACKAGE_NAME "libssh2"
| #define PACKAGE_TARNAME "libssh2"
| #define PACKAGE_VERSION "-"
| #define PACKAGE_STRING "libssh2 -"
| #define PACKAGE_BUGREPORT "libssh2-devel@cool.haxx.se"
| #define PACKAGE_URL ""
| #define PACKAGE "libssh2"
| #define VERSION "-"
| #define STDC_HEADERS 1
| #define HAVE_SYS_TYPES_H 1
| #define HAVE_SYS_STAT_H 1
| #define HAVE_STDLIB_H 1
| #define HAVE_STRING_H 1
| #define HAVE_MEMORY_H 1
| #define HAVE_STRINGS_H 1
| #define HAVE_INTTYPES_H 1
| #define HAVE_STDINT_H 1
| #define HAVE_UNISTD_H 1
| #define HAVE_LONGLONG 1
| #define HAVE_DLFCN_H 1
| #define LT_OBJDIR ".libs/"
| #define HAVE_LIBSSL 1
| #define HAVE_LIBZ 1
| #define LIBSSH2_HAVE_ZLIB 1
| #define LIBSSH2_DH_GEX_NEW 1
| #define HAVE_ERRNO_H 1
| #define HAVE_FCNTL_H 1
| #define HAVE_STDIO_H 1
| #define HAVE_STDLIB_H 1
| #define HAVE_UNISTD_H 1
| #define HAVE_SYS_UIO_H 1
| #define HAVE_SYS_SELECT_H 1
| #define HAVE_SYS_SOCKET_H 1
| #define HAVE_SYS_IOCTL_H 1
| #define HAVE_SYS_TIME_H 1
| #define HAVE_ARPA_INET_H 1
| #define HAVE_NETINET_IN_H 1
| #define HAVE_SYS_UN_H 1
| /* end confdefs.h.  */
| #include <stdio.h>
| #ifdef HAVE_SYS_TYPES_H
| # include <sys/types.h>
| #endif
| #ifdef HAVE_SYS_STAT_H
| # include <sys/stat.h>
| #endif
| #ifdef STDC_HEADERS
| # include <stdlib.h>
| # include <stddef.h>
| #else
| # ifdef HAVE_STDLIB_H
| #  include <stdlib.h>
| # endif
| #endif
| #ifdef HAVE_STRING_H
| # if !defined STDC_HEADERS && defined HAVE_MEMORY_H
| #  include <memory.h>
| # endif
| # include <string.h>
| #endif
| #ifdef HAVE_STRINGS_H
| # include <strings.h>
| #endif
| #ifdef HAVE_INTTYPES_H
| # include <inttypes.h>
| #endif
| #ifdef HAVE_STDINT_H
| # include <stdint.h>
| #endif
| #ifdef HAVE_UNISTD_H
| # include <unistd.h>
| #endif
| #include <winsock2.h>
configure:14392: result: no
configure:14392: checking winsock2.h presence
configure:14392: gcc -E  conftest.c
conftest.c:41:22: fatal error: winsock2.h: No such file or directory
compilation terminated.
configure:14392: $? = 1
configure: failed program was:
| /* confdefs.h */
| #define PACKAGE_NAME "libssh2"
| #define PACKAGE_TARNAME "libssh2"
| #define PACKAGE_VERSION "-"
| #define PACKAGE_STRING "libssh2 -"
| #define PACKAGE_BUGREPORT "libssh2-devel@cool.haxx.se"
| #define PACKAGE_URL ""
| #define PACKAGE "libssh2"
| #define VERSION "-"
| #define STDC_HEADERS 1
| #define HAVE_SYS_TYPES_H 1
| #define HAVE_SYS_STAT_H 1
| #define HAVE_STDLIB_H 1
| #define HAVE_STRING_H 1
| #define HAVE_MEMORY_H 1
| #define HAVE_STRINGS_H 1
| #define HAVE_INTTYPES_H 1
| #define HAVE_STDINT_H 1
| #define HAVE_UNISTD_H 1
| #define HAVE_LONGLONG 1
| #define HAVE_DLFCN_H 1
| #define LT_OBJDIR ".libs/"
| #define HAVE_LIBSSL 1
| #define HAVE_LIBZ 1
| #define LIBSSH2_HAVE_ZLIB 1
| #define LIBSSH2_DH_GEX_NEW 1
| #define HAVE_ERRNO_H 1
| #define HAVE_FCNTL_H 1
| #define HAVE_STDIO_H 1
| #define HAVE_STDLIB_H 1
| #define HAVE_UNISTD_H 1
| #define HAVE_SYS_UIO_H 1
| #define HAVE_SYS_SELECT_H 1
| #define HAVE_SYS_SOCKET_H 1
| #define HAVE_SYS_IOCTL_H 1
| #define HAVE_SYS_TIME_H 1
| #define HAVE_ARPA_INET_H 1
| #define HAVE_NETINET_IN_H 1
| #define HAVE_SYS_UN_H 1
| /* end confdefs.h.  */
| #include <winsock2.h>
configure:14392: result: no
configure:14392: checking for winsock2.h
configure:14392: result: no
configure:14392: checking ws2tcpip.h usability
configure:14392: gcc -c -g -O2  conftest.c >&5
conftest.c:74:22: fatal error: ws2tcpip.h: No such file or directory
compilation terminated.
configure:14392: $? = 1
configure: failed program was:
| /* confdefs.h */
| #define PACKAGE_NAME "libssh2"
| #define PACKAGE_TARNAME "libssh2"
| #define PACKAGE_VERSION "-"
| #define PACKAGE_STRING "libssh2 -"
| #define PACKAGE_BUGREPORT "libssh2-devel@cool.haxx.se"
| #define PACKAGE_URL ""
| #define PACKAGE "libssh2"
| #define VERSION "-"
| #define STDC_HEADERS 1
| #define HAVE_SYS_TYPES_H 1
| #define HAVE_SYS_STAT_H 1
| #define HAVE_STDLIB_H 1
| #define HAVE_STRING_H 1
| #define HAVE_MEMORY_H 1
| #define HAVE_STRINGS_H 1
| #define HAVE_INTTYPES_H 1
| #define HAVE_STDINT_H 1
| #define HAVE_UNISTD_H 1
| #define HAVE_LONGLONG 1
| #define HAVE_DLFCN_H 1
| #define LT_OBJDIR ".libs/"
| #define HAVE_LIBSSL 1
| #define HAVE_LIBZ 1
| #define LIBSSH2_HAVE_ZLIB 1
| #define LIBSSH2_DH_GEX_NEW 1
| #define HAVE_ERRNO_H 1
| #define HAVE_FCNTL_H 1
| #define HAVE_STDIO_H 1
| #define HAVE_STDLIB_H 1
| #define HAVE_UNISTD_H 1
| #define HAVE_SYS_UIO_H 1
| #define HAVE_SYS_SELECT_H 1
| #define HAVE_SYS_SOCKET_H 1
| #define HAVE_SYS_IOCTL_H 1
| #define HAVE_SYS_TIME_H 1
| #define HAVE_ARPA_INET_H 1
| #define HAVE_NETINET_IN_H 1
| #define HAVE_SYS_UN_H 1
| /* end confdefs.h.  */
| #include <stdio.h>
| #ifdef HAVE_SYS_TYPES_H
| # include <sys/types.h>
| #endif
| #ifdef HAVE_SYS_STAT_H
| # include <sys/stat.h>
| #endif
| #ifdef STDC_HEADERS
| # include <stdlib.h>
| # include <stddef.h>
| #else
| # ifdef HAVE_STDLIB_H
| #  include <stdlib.h>
| # endif
| #endif
| #ifdef HAVE_STRING_H
| # if !defined STDC_HEADERS && defined HAVE_MEMORY_H
| #  include <memory.h>
| # endif
| # include <string.h>
| #endif
| #ifdef HAVE_STRINGS_H
| # include <strings.h>
| #endif
| #ifdef HAVE_INTTYPES_H
| # include <inttypes.h>
| #endif
| #ifdef HAVE_STDINT_H
| # include <stdint.h>
| #endif
| #ifdef HAVE_UNISTD_H
| # include <unistd.h>
| #endif
| #include <ws2tcpip.h>
configure:14392: result: no
configure:14392: checking ws2tcpip.h presence
configure:14392: gcc -E  conftest.c
conftest.c:41:22: fatal error: ws2tcpip.h: No such file or directory
compilation terminated.
configure:14392: $? = 1
configure: failed program was:
| /* confdefs.h */
| #define PACKAGE_NAME "libssh2"
| #define PACKAGE_TARNAME "libssh2"
| #define PACKAGE_VERSION "-"
| #define PACKAGE_STRING "libssh2 -"
| #define PACKAGE_BUGREPORT "libssh2-devel@cool.haxx.se"
| #define PACKAGE_URL ""
| #define PACKAGE "libssh2"
| #define VERSION "-"
| #define STDC_HEADERS 1
| #define HAVE_SYS_TYPES_H 1
| #define HAVE_SYS_STAT_H 1
| #define HAVE_STDLIB_H 1
| #define HAVE_STRING_H 1
| #define HAVE_MEMORY_H 1
| #define HAVE_STRINGS_H 1
| #define HAVE_INTTYPES_H 1
| #define HAVE_STDINT_H 1
| #define HAVE_UNISTD_H 1
| #define HAVE_LONGLONG 1
| #define HAVE_DLFCN_H 1
| #define LT_OBJDIR ".libs/"
| #define HAVE_LIBSSL 1
| #define HAVE_LIBZ 1
| #define LIBSSH2_HAVE_ZLIB 1
| #define LIBSSH2_DH_GEX_NEW 1
| #define HAVE_ERRNO_H 1
| #define HAVE_FCNTL_H 1
| #define HAVE_STDIO_H 1
| #define HAVE_STDLIB_H 1
| #define HAVE_UNISTD_H 1
| #define HAVE_SYS_UIO_H 1
| #define HAVE_SYS_SELECT_H 1
| #define HAVE_SYS_SOCKET_H 1
| #define HAVE_SYS_IOCTL_H 1
| #define HAVE_SYS_TIME_H 1
| #define HAVE_ARPA_INET_H 1
| #define HAVE_NETINET_IN_H 1
| #define HAVE_SYS_UN_H 1
| /* end confdefs.h.  */
| #include <ws2tcpip.h>
configure:14392: result: no
configure:14392: checking for ws2tcpip.h
configure:14392: result: no
configure:14413: checking for poll
configure:14413: gcc -o conftest -g -O2   conftest.c  >&5
configure:14413: $? = 0
configure:14413: result: yes
configure:14428: checking for gettimeofday
configure:14428: gcc -o conftest -g -O2   conftest.c  >&5
configure:14428: $? = 0
configure:14428: result: yes
configure:14428: checking for select
configure:14428: gcc -o conftest -g -O2   conftest.c  >&5
configure:14428: $? = 0
configure:14428: result: yes
configure:14428: checking for strtoll
configure:14428: gcc -o conftest -g -O2   conftest.c  >&5
configure:14428: $? = 0
configure:14428: result: yes
configure:14484: checking for working alloca.h
configure:14501: gcc -o conftest -g -O2   conftest.c  >&5
configure:14501: $? = 0
configure:14509: result: yes
configure:14517: checking for alloca
configure:14554: gcc -o conftest -g -O2   conftest.c  >&5
configure:14554: $? = 0
configure:14562: result: yes
configure:14673: checking for an ANSI C-conforming const
configure:14738: gcc -c -g -O2  conftest.c >&5
configure:14738: $? = 0
configure:14745: result: yes
configure:14753: checking for inline
configure:14769: gcc -c -g -O2  conftest.c >&5
configure:14769: $? = 0
configure:14777: result: inline
configure:14797: checking non-blocking sockets style
configure:14835: gcc -c -g -O2  conftest.c >&5
configure:14835: $? = 0
configure:14996: result: O_NONBLOCK
configure:15135: creating ./config.status

## ---------------------- ##
## Running config.status. ##
## ---------------------- ##

This file was extended by libssh2 config.status -, which was
generated by GNU Autoconf 2.67.  Invocation command line was

  CONFIG_FILES    = 
  CONFIG_HEADERS  = 
  CONFIG_LINKS    = 
  CONFIG_COMMANDS = 
  $ ./config.status 

on myhost

config.status:1120: creating Makefile
config.status:1120: creating src/Makefile
config.status:1120: creating tests/Makefile
config.status:1120: creating example/Makefile
config.status:1120: creating docs/Makefile
config.status:1120: creating libssh2.pc
config.status:1120: creating src/libssh2_config.h
config.status:1120: creating example/libssh2_config.h
config.status:1341: executing depfiles commands
config.status:1341: executing libtool commands
configure:17358: summary of build options:

  version:          1.3.0
  Host type:        x86_64-unknown-linux-gnu
  Install prefix:   /usr/local
  Compiler:         gcc
  Compiler flags:   -g -O2
  Library types:    Shared=yes, Static=yes
  Crypto library:   openssl: yes (AES-CTR: no) libgcrypt: no
  Debug build:      no
  Path to sshd:     /usr/sbin/sshd (only for self-tests)
  libz compression: yes


## ---------------- ##
## Cache variables. ##
## ---------------- ##

ac_cv_build=x86_64-unknown-linux-gnu
ac_cv_c_bigendian=no
ac_cv_c_compiler_gnu=yes
ac_cv_c_const=yes
ac_cv_c_inline=inline
ac_cv_env_CC_set=
ac_cv_env_CC_value=
ac_cv_env_CFLAGS_set=
ac_cv_env_CFLAGS_value=
ac_cv_env_CPPFLAGS_set=
ac_cv_env_CPPFLAGS_value=
ac_cv_env_CPP_set=
ac_cv_env_CPP_value=
ac_cv_env_LDFLAGS_set=
ac_cv_env_LDFLAGS_value=
ac_cv_env_LIBS_set=
ac_cv_env_LIBS_value=
ac_cv_env_build_alias_set=
ac_cv_env_build_alias_value=
ac_cv_env_host_alias_set=
ac_cv_env_host_alias_value=
ac_cv_env_target_alias_set=
ac_cv_env_target_alias_value=
ac_cv_func_EVP_aes_128_ctr=no
ac_cv_func_alloca_works=yes
ac_cv_func_gettimeofday=yes
ac_cv_func_poll=yes
ac_cv_func_select=yes
ac_cv_func_strtoll=yes
ac_cv_header_arpa_inet_h=yes
ac_cv_header_dlfcn_h=yes
ac_cv_header_errno_h=yes
ac_cv_header_fcntl_h=yes
ac_cv_header_inttypes_h=yes
ac_cv_header_memory_h=yes
ac_cv_header_netinet_in_h=yes
ac_cv_header_stdc=yes
ac_cv_header_stdint_h=yes
ac_cv_header_stdio_h=yes
ac_cv_header_stdlib_h=yes
ac_cv_header_string_h=yes
ac_cv_header_strings_h=yes
ac_cv_header_sys_ioctl_h=yes
ac_cv_header_sys_select_h=yes
ac_cv_header_sys_socket_h=yes
ac_cv_header_sys_stat_h=yes
ac_cv_header_sys_time_h=yes
ac_cv_header_sys_types_h=yes
ac_cv_header_sys_uio_h=yes
ac_cv_header_sys_un_h=yes
ac_cv_header_unistd_h=yes
ac_cv_header_windows_h=no
ac_cv_header_winsock2_h=no
ac_cv_header_ws2tcpip_h=no
ac_cv_host=x86_64-unknown-linux-gnu
ac_cv_libssl=yes
ac_cv_libz=yes
ac_cv_objext=o
ac_cv_path_EGREP='/bin/grep -E'
ac_cv_path_FGREP='/bin/grep -F'
ac_cv_path_GREP=/bin/grep
ac_cv_path_SED=/bin/sed
ac_cv_path_SSHD=/usr/sbin/sshd
ac_cv_path_install='/bin/install -c'
ac_cv_prog_AWK=gawk
ac_cv_prog_CPP='gcc -E'
ac_cv_prog_ac_ct_AR=ar
ac_cv_prog_ac_ct_CC=gcc
ac_cv_prog_ac_ct_OBJDUMP=objdump
ac_cv_prog_ac_ct_RANLIB=ranlib
ac_cv_prog_ac_ct_STRIP=strip
ac_cv_prog_cc_c89=
ac_cv_prog_cc_g=yes
ac_cv_prog_make_make_set=yes
ac_cv_search_inet_addr='none required'
ac_cv_search_socket='none required'
ac_cv_sys_file_offset_bits=no
ac_cv_sys_largefile_CC=no
ac_cv_type_long_long=yes
ac_cv_working_alloca_h=yes
acl_cv_hardcode_direct=no
acl_cv_hardcode_libdir_flag_spec='${wl}-rpath ${wl}$libdir'
acl_cv_hardcode_libdir_separator=
acl_cv_hardcode_minus_L=no
acl_cv_libext=a
acl_cv_libname_spec='lib$name'
acl_cv_library_names_spec='$libname$shrext'
acl_cv_path_LD='/usr/bin/ld -m elf_x86_64'
acl_cv_prog_gnu_ld=yes
acl_cv_rpath=done
acl_cv_shlibext=so
acl_cv_wl=-Wl,
am_cv_CC_dependencies_compiler_type=gcc3
lt_cv_deplibs_check_method=pass_all
lt_cv_file_magic_cmd='$MAGIC_CMD'
lt_cv_file_magic_test_file=
lt_cv_ld_reload_flag=-r
lt_cv_nm_interface='BSD nm'
lt_cv_objdir=.libs
lt_cv_path_LD=/usr/bin/ld
lt_cv_path_NM='/usr/bin/nm -B'
lt_cv_prog_compiler_c_o=yes
lt_cv_prog_compiler_pic_works=yes
lt_cv_prog_compiler_rtti_exceptions=no
lt_cv_prog_compiler_static_works=yes
lt_cv_prog_gnu_ld=yes
lt_cv_sys_global_symbol_pipe='sed -n -e '\''s/^.*[	 ]\([ABCDGIRSTW][ABCDGIRSTW]*\)[	 ][	 ]*\([_A-Za-z][_A-Za-z0-9]*\)$/\1 \2 \2/p'\'''
lt_cv_sys_global_symbol_to_c_name_address='sed -n -e '\''s/^: \([^ ]*\) $/  {\"\1\", (void *) 0},/p'\'' -e '\''s/^[ABCDGIRSTW]* \([^ ]*\) \([^ ]*\)$/  {"\2", (void *) \&\2},/p'\'''
lt_cv_sys_global_symbol_to_c_name_address_lib_prefix='sed -n -e '\''s/^: \([^ ]*\) $/  {\"\1\", (void *) 0},/p'\'' -e '\''s/^[ABCDGIRSTW]* \([^ ]*\) \(lib[^ ]*\)$/  {"\2", (void *) \&\2},/p'\'' -e '\''s/^[ABCDGIRSTW]* \([^ ]*\) \([^ ]*\)$/  {"lib\2", (void *) \&\2},/p'\'''
lt_cv_sys_global_symbol_to_cdecl='sed -n -e '\''s/^T .* \(.*\)$/extern int \1();/p'\'' -e '\''s/^[ABCDGIRSTW]* .* \(.*\)$/extern char \1;/p'\'''
lt_cv_sys_max_cmd_len=1572864

## ----------------- ##
## Output variables. ##
## ----------------- ##

ACLOCAL='${SHELL} /home/mileswu/sftp/libssh2-1.3.0/missing --run aclocal-1.9'
ALLOCA=''
AMDEPBACKSLASH='\'
AMDEP_FALSE='#'
AMDEP_TRUE=''
AMTAR='${SHELL} /home/mileswu/sftp/libssh2-1.3.0/missing --run tar'
AR='ar'
AS='as'
AUTOCONF='${SHELL} /home/mileswu/sftp/libssh2-1.3.0/missing --run autoconf'
AUTOHEADER='${SHELL} /home/mileswu/sftp/libssh2-1.3.0/missing --run autoheader'
AUTOMAKE='${SHELL} /home/mileswu/sftp/libssh2-1.3.0/missing --run automake-1.9'
AWK='gawk'
CC='gcc'
CCDEPMODE='depmode=gcc3'
CFLAGS='-g -O2'
CPP='gcc -E'
CPPFLAGS=''
CYGPATH_W='echo'
DEFS='-DHAVE_CONFIG_H'
DEPDIR='.deps'
DLLTOOL='dlltool'
DSYMUTIL=''
DUMPBIN=''
ECHO_C=''
ECHO_N='-n'
ECHO_T=''
EGREP='/bin/grep -E'
EXEEXT=''
FGREP='/bin/grep -F'
GREP='/bin/grep'
HAVE_LIBGCRYPT=''
HAVE_LIBSSL='yes'
HAVE_LIBZ='yes'
INSTALL_DATA='${INSTALL} -m 644'
INSTALL_PROGRAM='${INSTALL}'
INSTALL_SCRIPT='${INSTALL}'
INSTALL_STRIP_PROGRAM='${SHELL} $(install_sh) -c -s'
LD='/usr/bin/ld -m elf_x86_64'
LDFLAGS=''
LIBGCRYPT=''
LIBGCRYPT_FALSE=''
LIBGCRYPT_PREFIX=''
LIBGCRYPT_TRUE='#'
LIBOBJS=''
LIBS=''
LIBSSH2VER='1.3.0'
LIBSSL='-lssl -lcrypto'
LIBSSL_PREFIX=''
LIBTOOL='$(SHELL) $(top_builddir)/libtool'
LIBZ='-lz'
LIBZ_PREFIX=''
LIPO=''
LN_S='ln -s'
LTLIBGCRYPT=''
LTLIBOBJS=''
LTLIBSSL='-lssl -lcrypto'
LTLIBZ='-lz'
MAINT='#'
MAINTAINER_MODE_FALSE=''
MAINTAINER_MODE_TRUE='#'
MAKEINFO='${SHELL} /home/mileswu/sftp/libssh2-1.3.0/missing --run makeinfo'
NM='/usr/bin/nm -B'
NMEDIT=''
OBJDUMP='objdump'
OBJEXT='o'
OTOOL64=''
OTOOL=''
PACKAGE='libssh2'
PACKAGE_BUGREPORT='libssh2-devel@cool.haxx.se'
PACKAGE_NAME='libssh2'
PACKAGE_STRING='libssh2 -'
PACKAGE_TARNAME='libssh2'
PACKAGE_URL=''
PACKAGE_VERSION='-'
PATH_SEPARATOR=':'
RANLIB='ranlib'
SED='/bin/sed'
SET_MAKE=''
SHELL='/bin/sh'
SSHD='/usr/sbin/sshd'
SSHD_FALSE='#'
SSHD_TRUE=''
STRIP='strip'
VERSION='-'
ac_ct_CC='gcc'
ac_ct_DUMPBIN=''
am__fastdepCC_FALSE='#'
am__fastdepCC_TRUE=''
am__include='include'
am__leading_dot='.'
am__quote=''
am__tar='${AMTAR} chof - "$$tardir"'
am__untar='${AMTAR} xf -'
bindir='${exec_prefix}/bin'
build='x86_64-unknown-linux-gnu'
build_alias=''
build_cpu='x86_64'
build_os='linux-gnu'
build_vendor='unknown'
datadir='${datarootdir}'
datarootdir='${prefix}/share'
docdir='${datarootdir}/doc/${PACKAGE_TARNAME}'
dvidir='${docdir}'
exec_prefix='${prefix}'
host='x86_64-unknown-linux-gnu'
host_alias=''
host_cpu='x86_64'
host_os='linux-gnu'
host_vendor='unknown'
htmldir='${docdir}'
includedir='${prefix}/include'
infodir='${datarootdir}/info'
install_sh='/home/mileswu/sftp/libssh2-1.3.0/install-sh'
libdir='${exec_prefix}/lib'
libexecdir='${exec_prefix}/libexec'
localedir='${datarootdir}/locale'
localstatedir='${prefix}/var'
lt_ECHO='echo'
mandir='${datarootdir}/man'
mkdir_p='mkdir -p --'
oldincludedir='/usr/include'
pdfdir='${docdir}'
prefix='/usr/local'
program_transform_name='s,x,x,'
psdir='${docdir}'
sbindir='${exec_prefix}/sbin'
sharedstatedir='${prefix}/com'
sysconfdir='${prefix}/etc'
target_alias=''

## ----------- ##
## confdefs.h. ##
## ----------- ##

/* confdefs.h */
#define PACKAGE_NAME "libssh2"
#define PACKAGE_TARNAME "libssh2"
#define PACKAGE_VERSION "-"
#define PACKAGE_STRING "libssh2 -"
#define PACKAGE_BUGREPORT "libssh2-devel@cool.haxx.se"
#define PACKAGE_URL ""
#define PACKAGE "libssh2"
#define VERSION "-"
#define STDC_HEADERS 1
#define HAVE_SYS_TYPES_H 1
#define HAVE_SYS_STAT_H 1
#define HAVE_STDLIB_H 1
#define HAVE_STRING_H 1
#define HAVE_MEMORY_H 1
#define HAVE_STRINGS_H 1
#define HAVE_INTTYPES_H 1
#define HAVE_STDINT_H 1
#define HAVE_UNISTD_H 1
#define HAVE_LONGLONG 1
#define HAVE_DLFCN_H 1
#define LT_OBJDIR ".libs/"
#define HAVE_LIBSSL 1
#define HAVE_LIBZ 1
#define LIBSSH2_HAVE_ZLIB 1
#define LIBSSH2_DH_GEX_NEW 1
#define HAVE_ERRNO_H 1
#define HAVE_FCNTL_H 1
#define HAVE_STDIO_H 1
#define HAVE_STDLIB_H 1
#define HAVE_UNISTD_H 1
#define HAVE_SYS_UIO_H 1
#define HAVE_SYS_SELECT_H 1
#define HAVE_SYS_SOCKET_H 1
#define HAVE_SYS_IOCTL_H 1
#define HAVE_SYS_TIME_H 1
#define HAVE_ARPA_INET_H 1
#define HAVE_NETINET_IN_H 1
#define HAVE_SYS_UN_H 1
#define HAVE_POLL 1
#define HAVE_GETTIMEOFDAY 1
#define HAVE_SELECT 1
#define HAVE_STRTOLL 1
#define HAVE_ALLOCA_H 1
#define HAVE_ALLOCA 1
#define HAVE_O_NONBLOCK 1

configure: exit 0
